 #hydrostatic equilibrium dump
 #alt/km p/mbar Tgas/K
   1.0000000000000000        913.33852222825453        282.00000000000000     
   2.0000000000000000        778.57228089265550        275.00000000000000     
   3.0000000000000000        665.37105806602017        269.00000000000000     
   4.0000000000000000        563.58322965719651        262.00000000000000     
   5.0000000000000000        480.92841246094349        256.00000000000000     
   6.0000000000000000        406.35046438050352        249.00000000000000     
   7.0000000000000000        344.42793242288684        243.00000000000000     
   8.0000000000000000        289.78588389107426        236.00000000000000     
   9.0000000000000000        244.59606415285691        230.00000000000000     
   10.000000000000000        206.64295968947704        225.00000000000000     
   11.000000000000000        176.71642493399085        221.00000000000000     
   12.000000000000000        152.79362503438139        220.00000000000000     
   13.000000000000000        131.98527934956641        219.00000000000000     
   14.000000000000000        114.04089568530901        218.00000000000000     
   15.000000000000000        98.563260728538552        217.00000000000000     
   16.000000000000000        85.766757382252948        217.00000000000000     
   17.000000000000000        74.798313033062911        217.00000000000000     
   18.000000000000000        65.028789428351288        217.00000000000000     
   19.000000000000000        56.667780021068999        217.00000000000000     
   20.000000000000000        49.445554955557149        217.00000000000000     
   21.000000000000000        43.291203127019564        218.00000000000000     
   22.000000000000000        37.834382632097757        219.00000000000000     
   23.000000000000000        33.267733613317034        220.00000000000000     
   24.000000000000000        29.176821723381089        221.00000000000000     
   25.000000000000000        25.599381462201883        222.00000000000000     
   26.000000000000000        22.450409648513180        223.00000000000000     
   27.000000000000000        19.698962678268224        224.00000000000000     
   28.000000000000000        17.288716314408415        225.00000000000000     
   29.000000000000000        15.183961951024466        226.00000000000000     
   30.000000000000000        13.320102790340588        227.00000000000000     
   31.000000000000000        11.783550420611190        229.00000000000000     
   32.000000000000000        10.431819837991279        231.00000000000000     
   33.000000000000000        9.2350737030654315        233.00000000000000     
   34.000000000000000        8.1687597092308764        235.00000000000000     
   35.000000000000000        7.2269551089289088        237.00000000000000     
   36.000000000000000        6.4330942959667627        239.00000000000000     
   37.000000000000000        5.7251690575967285        242.00000000000000     
   38.000000000000000        5.1431584620768040        245.00000000000000     
   39.000000000000000        4.5828386712517846        248.00000000000000     
   40.000000000000000        4.0811979432809906        250.00000000000000     
   41.000000000000000        3.6515162270415087        253.00000000000000     
   42.000000000000000        3.2705824228151559        256.00000000000000     
   43.000000000000000        2.9333535622020213        259.00000000000000     
   44.000000000000000        2.6243835673223783        261.00000000000000     
   45.000000000000000        2.3592405119821263        264.00000000000000     
   46.000000000000000        2.1168821263547781        267.00000000000000     
   47.000000000000000        1.8768031081273120        268.00000000000000     
   48.000000000000000        1.6608830453074301        269.00000000000000     
   49.000000000000000        1.4786101636521027        271.00000000000000     
   50.000000000000000        1.2951880869236458        271.00000000000000     
   51.000000000000000        1.1334792313214457        271.00000000000000     
   52.000000000000000       0.96505791801524932        268.00000000000000     
   53.000000000000000       0.82630913520124771        266.00000000000000     
   54.000000000000000       0.70412960444149175        264.00000000000000     
   55.000000000000000       0.59877850582632663        261.00000000000000     
   56.000000000000000       0.50975944781247429        259.00000000000000     
   57.000000000000000       0.43489518297874119        256.00000000000000     
   58.000000000000000       0.37115271205059930        254.00000000000000     
   59.000000000000000       0.31671545124949080        252.00000000000000     
   60.000000000000000       0.26300403180933896        247.00000000000000     
