 #hydrostatic equilibrium dump
 #alt/km p/mbar Tgas/K
   1.0000000000000000        913.33852091960614        282.00000000000000     
   2.0000000000000000        778.57227977920070        275.00000000000000     
   3.0000000000000000        665.37105711587799        269.00000000000000     
   4.0000000000000000        563.58322885340965        262.00000000000000     
   5.0000000000000000        480.92841177576929        256.00000000000000     
   6.0000000000000000        406.35046380209786        249.00000000000000     
   7.0000000000000000        344.42793193298667        243.00000000000000     
   8.0000000000000000        289.78588347914177        236.00000000000000     
   9.0000000000000000        244.59606380533299        230.00000000000000     
   10.000000000000000        206.64295939601692        225.00000000000000     
   11.000000000000000        176.71642468316756        221.00000000000000     
   12.000000000000000        152.79362481760447        220.00000000000000     
   13.000000000000000        131.98527916230361        219.00000000000000     
   14.000000000000000        114.04089552349686        218.00000000000000     
   15.000000000000000        98.563260588678531        217.00000000000000     
   16.000000000000000        85.766757260542690        217.00000000000000     
   17.000000000000000        74.798312926910555        217.00000000000000     
   18.000000000000000        65.028789336057727        217.00000000000000     
   19.000000000000000        56.667779940637288        217.00000000000000     
   20.000000000000000        49.445554885372829        217.00000000000000     
   21.000000000000000        43.291203065568340        218.00000000000000     
   22.000000000000000        37.834382578390603        219.00000000000000     
   23.000000000000000        33.267733566091131        220.00000000000000     
   24.000000000000000        29.176821681961687        221.00000000000000     
   25.000000000000000        25.599381425860464        222.00000000000000     
   26.000000000000000        22.450409616641771        223.00000000000000     
   27.000000000000000        19.698962650302651        224.00000000000000     
   28.000000000000000        17.288716289864414        225.00000000000000     
   29.000000000000000        15.183961929468426        226.00000000000000     
   30.000000000000000        13.320102771430552        227.00000000000000     
   31.000000000000000        11.783550403882522        229.00000000000000     
   32.000000000000000        10.431819823181602        231.00000000000000     
   33.000000000000000        9.2350736899547261        233.00000000000000     
   34.000000000000000        8.1687596976339787        235.00000000000000     
   35.000000000000000        7.2269550986690554        237.00000000000000     
   36.000000000000000        6.4330942868339243        239.00000000000000     
   37.000000000000000        5.7251690494689091        242.00000000000000     
   38.000000000000000        5.1431584547752438        245.00000000000000     
   39.000000000000000        4.5828386647456911        248.00000000000000     
   40.000000000000000        4.0811979374870582        250.00000000000000     
   41.000000000000000        3.6515162218575794        253.00000000000000     
   42.000000000000000        3.2705824181720264        256.00000000000000     
   43.000000000000000        2.9333535580376431        259.00000000000000     
   44.000000000000000        2.6243835635966342        261.00000000000000     
   45.000000000000000        2.3592405086327961        264.00000000000000     
   46.000000000000000        2.1168821233495150        267.00000000000000     
   47.000000000000000        1.8768031054628811        268.00000000000000     
   48.000000000000000        1.6608830429495334        269.00000000000000     
   49.000000000000000        1.4786101615529721        271.00000000000000     
   50.000000000000000        1.2951880850849131        271.00000000000000     
   51.000000000000000        1.1334792297122853        271.00000000000000     
   52.000000000000000       0.96505791664519081        268.00000000000000     
   53.000000000000000       0.82630913402816586        266.00000000000000     
   54.000000000000000       0.70412960344186382        264.00000000000000     
   55.000000000000000       0.59877850497626195        261.00000000000000     
   56.000000000000000       0.50975944708878673        259.00000000000000     
   57.000000000000000       0.43489518236133590        256.00000000000000     
   58.000000000000000       0.37115271152368690        254.00000000000000     
   59.000000000000000       0.31671545079986102        252.00000000000000     
   60.000000000000000       0.26300403143596141        247.00000000000000     
